Initializing data directory...
2025-02-12T04:18:03.074770Z 0 [Note] [MY-013667] [Server] Error-log destination "stderr" is not a file. Can not restore error log messages from previous run.
2025-02-12T04:18:03.073723Z 0 [Warning] [MY-011068] [Server] The syntax '--skip-host-cache' is deprecated and will be removed in a future release. Please use SET GLOBAL host_cache_size=0 instead.
2025-02-12T04:18:03.073757Z 0 [Note] [MY-010096] [Server] Ignoring --secure-file-priv value as server is running with --initialize(-insecure).
2025-02-12T04:18:03.073776Z 0 [Note] [MY-013932] [Server] BuildID[sha1]=b2a563c96b357bc8ce5a2e7f49bbcba2c9f90cf1
2025-02-12T04:18:03.073778Z 0 [Note] [MY-010949] [Server] Basedir set to /usr/.
2025-02-12T04:18:03.073783Z 0 [System] [MY-013169] [Server] /usr/sbin/mysqld (mysqld 8.0.41) initializing of server in progress as process 6
2025-02-12T04:18:03.074620Z 0 [Note] [MY-010458] [Server] --initialize specified on an existing data directory.
2025-02-12T04:18:03.074755Z 0 [Warning] [MY-010122] [Server] One can only use the --user switch if running as root
2025-02-12T04:18:03.075683Z 0 [Note] [MY-010938] [Server] Generating a new UUID: 59f85a9f-e8f8-11ef-90b5-0242ac110002.
2025-02-12T04:18:03.077485Z 0 [Note] [MY-012366] [InnoDB] Using Linux native AIO
2025-02-12T04:18:03.077625Z 0 [Note] [MY-010747] [Server] Plugin 'FEDERATED' is disabled.
2025-02-12T04:18:03.077667Z 0 [Note] [MY-010747] [Server] Plugin 'ndbcluster' is disabled.
2025-02-12T04:18:03.077674Z 0 [Note] [MY-010747] [Server] Plugin 'ndbinfo' is disabled.
2025-02-12T04:18:03.077677Z 0 [Note] [MY-010747] [Server] Plugin 'ndb_transid_mysql_connection_map' is disabled.
2025-02-12T04:18:03.078329Z 1 [System] [MY-013576] [InnoDB] InnoDB initialization has started.
2025-02-12T04:18:03.078351Z 1 [Note] [MY-013546] [InnoDB] Atomic write enabled
2025-02-12T04:18:03.078364Z 1 [Note] [MY-012274] [InnoDB] The first innodb_system data file 'ibdata1' did not exist. A new tablespace will be created!
2025-02-12T04:18:03.078377Z 1 [Note] [MY-012932] [InnoDB] PUNCH HOLE support available
2025-02-12T04:18:03.078386Z 1 [Note] [MY-012944] [InnoDB] Uses event mutexes
2025-02-12T04:18:03.078389Z 1 [Note] [MY-012945] [InnoDB] GCC builtin __atomic_thread_fence() is used for memory barrier
2025-02-12T04:18:03.078391Z 1 [Note] [MY-012948] [InnoDB] Compressed tables use zlib 1.3.1
2025-02-12T04:18:03.079539Z 1 [Note] [MY-012951] [InnoDB] Using hardware accelerated crc32 and polynomial multiplication.
2025-02-12T04:18:03.079806Z 1 [Note] [MY-012203] [InnoDB] Directories to scan './'
2025-02-12T04:18:03.079835Z 1 [Note] [MY-012204] [InnoDB] Scanning './'
2025-02-12T04:18:03.079867Z 1 [Note] [MY-012208] [InnoDB] Completed space ID check of 0 files.
2025-02-12T04:18:03.080276Z 1 [Note] [MY-012955] [InnoDB] Initializing buffer pool, total size = 128.000000M, instances = 1, chunk size =128.000000M 
2025-02-12T04:18:03.097184Z 1 [Note] [MY-012957] [InnoDB] Completed initialization of buffer pool
2025-02-12T04:18:03.098227Z 0 [Note] [MY-011952] [InnoDB] If the mysqld execution user is authorized, page cleaner thread priority can be changed. See the man page of setpriority().
2025-02-12T04:18:03.098768Z 1 [Note] [MY-012265] [InnoDB] Setting file './ibdata1' size to 12 MB. Physically writing the file full; Please wait ...
2025-02-12T04:18:03.105617Z 1 [Note] [MY-012266] [InnoDB] File './ibdata1' size is now 12 MB.
2025-02-12T04:18:03.105665Z 1 [Note] [MY-013566] [InnoDB] Double write buffer files: 2
2025-02-12T04:18:03.105673Z 1 [Note] [MY-013565] [InnoDB] Double write buffer pages per instance: 4
2025-02-12T04:18:03.106116Z 1 [Note] [MY-013532] [InnoDB] Using './#ib_16384_0.dblwr' for doublewrite
2025-02-12T04:18:03.106941Z 1 [Note] [MY-013532] [InnoDB] Using './#ib_16384_1.dblwr' for doublewrite
2025-02-12T04:18:03.113848Z 1 [Note] [MY-012893] [InnoDB] New redo log files created, LSN=8204
2025-02-12T04:18:03.113890Z 1 [Note] [MY-013083] [InnoDB] Log background threads are being started...
2025-02-12T04:18:03.115500Z 1 [Note] [MY-012896] [InnoDB] Creating UNDO Tablespace ./undo_001
2025-02-12T04:18:03.115508Z 1 [Note] [MY-012897] [InnoDB] Setting file ./undo_001 size to 16 MB
2025-02-12T04:18:03.115510Z 1 [Note] [MY-012898] [InnoDB] Physically writing the file full
2025-02-12T04:18:03.124253Z 1 [Note] [MY-012896] [InnoDB] Creating UNDO Tablespace ./undo_002
2025-02-12T04:18:03.124273Z 1 [Note] [MY-012897] [InnoDB] Setting file ./undo_002 size to 16 MB
2025-02-12T04:18:03.124276Z 1 [Note] [MY-012898] [InnoDB] Physically writing the file full
2025-02-12T04:18:03.210077Z 1 [Note] [MY-012915] [InnoDB] Created 2 undo tablespaces.
2025-02-12T04:18:03.210224Z 1 [Note] [MY-011980] [InnoDB] GTID recovery trx_no: 0
2025-02-12T04:18:03.210504Z 1 [Note] [MY-013776] [InnoDB] Parallel initialization of rseg complete
2025-02-12T04:18:03.210518Z 1 [Note] [MY-013777] [InnoDB] Time taken to initialize rseg using 4 thread: 294 ms.
2025-02-12T04:18:03.210830Z 1 [Note] [MY-011920] [InnoDB] Legacy doublewrite buffer not found: creating new
2025-02-12T04:18:03.213653Z 0 [Note] [MY-011950] [InnoDB] Resetting invalid page [page id: space=0, page number=24] type 20 to 13 when flushing.
2025-02-12T04:18:03.213668Z 0 [Note] [MY-011950] [InnoDB] Resetting invalid page [page id: space=0, page number=23] type 20 to 13 when flushing.
2025-02-12T04:18:03.213673Z 0 [Note] [MY-011950] [InnoDB] Resetting invalid page [page id: space=0, page number=22] type 20 to 13 when flushing.
2025-02-12T04:18:03.213680Z 0 [Note] [MY-011950] [InnoDB] Resetting invalid page [page id: space=0, page number=21] type 20 to 13 when flushing.
2025-02-12T04:18:03.213876Z 0 [Note] [MY-011950] [InnoDB] Resetting invalid page [page id: space=0, page number=20] type 20 to 13 when flushing.
2025-02-12T04:18:03.213888Z 0 [Note] [MY-011950] [InnoDB] Resetting invalid page [page id: space=0, page number=19] type 20 to 13 when flushing.
2025-02-12T04:18:03.213892Z 0 [Note] [MY-011950] [InnoDB] Resetting invalid page [page id: space=0, page number=18] type 20 to 13 when flushing.
2025-02-12T04:18:03.213897Z 0 [Note] [MY-011950] [InnoDB] Resetting invalid page [page id: space=0, page number=17] type 20 to 13 when flushing.
2025-02-12T04:18:03.214796Z 0 [Note] [MY-011950] [InnoDB] Resetting invalid page [page id: space=0, page number=16] type 20 to 13 when flushing.
2025-02-12T04:18:03.214805Z 0 [Note] [MY-011950] [InnoDB] Resetting invalid page [page id: space=0, page number=15] type 20 to 13 when flushing.
2025-02-12T04:18:03.214810Z 0 [Note] [MY-011950] [InnoDB] Resetting invalid page [page id: space=0, page number=14] type 20 to 13 when flushing.
2025-02-12T04:18:03.214814Z 0 [Note] [MY-011950] [InnoDB] Resetting invalid page [page id: space=0, page number=13] type 20 to 13 when flushing.
2025-02-12T04:18:03.215009Z 0 [Note] [MY-011950] [InnoDB] Resetting invalid page [page id: space=0, page number=12] type 20 to 13 when flushing.
2025-02-12T04:18:03.215018Z 0 [Note] [MY-011950] [InnoDB] Resetting invalid page [page id: space=0, page number=11] type 20 to 13 when flushing.
2025-02-12T04:18:03.215022Z 0 [Note] [MY-011950] [InnoDB] Resetting invalid page [page id: space=0, page number=10] type 20 to 13 when flushing.
2025-02-12T04:18:03.215033Z 0 [Note] [MY-011950] [InnoDB] Resetting invalid page [page id: space=0, page number=9] type 20 to 13 when flushing.
2025-02-12T04:18:03.215721Z 0 [Note] [MY-011950] [InnoDB] Resetting invalid page [page id: space=0, page number=40] type 20 to 13 when flushing.
2025-02-12T04:18:03.215736Z 0 [Note] [MY-011950] [InnoDB] Resetting invalid page [page id: space=0, page number=39] type 20 to 13 when flushing.
2025-02-12T04:18:03.215741Z 0 [Note] [MY-011950] [InnoDB] Resetting invalid page [page id: space=0, page number=38] type 20 to 13 when flushing.
2025-02-12T04:18:03.215751Z 0 [Note] [MY-011950] [InnoDB] Resetting invalid page [page id: space=0, page number=37] type 20 to 13 when flushing.
2025-02-12T04:18:03.215986Z 0 [Note] [MY-011950] [InnoDB] Resetting invalid page [page id: space=0, page number=36] type 20 to 13 when flushing.
2025-02-12T04:18:03.215996Z 0 [Note] [MY-011950] [InnoDB] Resetting invalid page [page id: space=0, page number=35] type 20 to 13 when flushing.
2025-02-12T04:18:03.216000Z 0 [Note] [MY-011950] [InnoDB] Resetting invalid page [page id: space=0, page number=34] type 20 to 13 when flushing.
2025-02-12T04:18:03.216005Z 0 [Note] [MY-011950] [InnoDB] Resetting invalid page [page id: space=0, page number=33] type 20 to 13 when flushing.
2025-02-12T04:18:03.216713Z 0 [Note] [MY-011950] [InnoDB] Resetting invalid page [page id: space=0, page number=32] type 20 to 13 when flushing.
2025-02-12T04:18:03.216722Z 0 [Note] [MY-011950] [InnoDB] Resetting invalid page [page id: space=0, page number=31] type 20 to 13 when flushing.
2025-02-12T04:18:03.216727Z 0 [Note] [MY-011950] [InnoDB] Resetting invalid page [page id: space=0, page number=30] type 20 to 13 when flushing.
2025-02-12T04:18:03.216731Z 0 [Note] [MY-011950] [InnoDB] Resetting invalid page [page id: space=0, page number=29] type 20 to 13 when flushing.
2025-02-12T04:18:03.216945Z 0 [Note] [MY-011950] [InnoDB] Resetting invalid page [page id: space=0, page number=28] type 20 to 13 when flushing.
2025-02-12T04:18:03.216960Z 0 [Note] [MY-011950] [InnoDB] Resetting invalid page [page id: space=0, page number=27] type 20 to 13 when flushing.
2025-02-12T04:18:03.216966Z 0 [Note] [MY-011950] [InnoDB] Resetting invalid page [page id: space=0, page number=26] type 20 to 13 when flushing.
2025-02-12T04:18:03.216976Z 0 [Note] [MY-011950] [InnoDB] Resetting invalid page [page id: space=0, page number=25] type 20 to 13 when flushing.
2025-02-12T04:18:03.217591Z 0 [Note] [MY-011950] [InnoDB] Resetting invalid page [page id: space=0, page number=79] type 20 to 13 when flushing.
2025-02-12T04:18:03.217601Z 0 [Note] [MY-011950] [InnoDB] Resetting invalid page [page id: space=0, page number=78] type 20 to 13 when flushing.
2025-02-12T04:18:03.217606Z 0 [Note] [MY-011950] [InnoDB] Resetting invalid page [page id: space=0, page number=77] type 20 to 13 when flushing.
2025-02-12T04:18:03.217610Z 0 [Note] [MY-011950] [InnoDB] Resetting invalid page [page id: space=0, page number=76] type 20 to 13 when flushing.
2025-02-12T04:18:03.217811Z 0 [Note] [MY-011950] [InnoDB] Resetting invalid page [page id: space=0, page number=75] type 20 to 13 when flushing.
2025-02-12T04:18:03.217821Z 0 [Note] [MY-011950] [InnoDB] Resetting invalid page [page id: space=0, page number=74] type 20 to 13 when flushing.
2025-02-12T04:18:03.217825Z 0 [Note] [MY-011950] [InnoDB] Resetting invalid page [page id: space=0, page number=73] type 20 to 13 when flushing.
2025-02-12T04:18:03.217829Z 0 [Note] [MY-011950] [InnoDB] Resetting invalid page [page id: space=0, page number=72] type 20 to 13 when flushing.
2025-02-12T04:18:03.218228Z 0 [Note] [MY-011950] [InnoDB] Resetting invalid page [page id: space=0, page number=71] type 20 to 13 when flushing.
2025-02-12T04:18:03.218237Z 0 [Note] [MY-011950] [InnoDB] Resetting invalid page [page id: space=0, page number=70] type 20 to 13 when flushing.
2025-02-12T04:18:03.218241Z 0 [Note] [MY-011950] [InnoDB] Resetting invalid page [page id: space=0, page number=69] type 20 to 13 when flushing.
2025-02-12T04:18:03.218245Z 0 [Note] [MY-011950] [InnoDB] Resetting invalid page [page id: space=0, page number=68] type 20 to 13 when flushing.
2025-02-12T04:18:03.218663Z 0 [Note] [MY-011950] [InnoDB] Resetting invalid page [page id: space=0, page number=67] type 20 to 13 when flushing.
2025-02-12T04:18:03.218673Z 0 [Note] [MY-011950] [InnoDB] Resetting invalid page [page id: space=0, page number=66] type 20 to 13 when flushing.
2025-02-12T04:18:03.218677Z 0 [Note] [MY-011950] [InnoDB] Resetting invalid page [page id: space=0, page number=65] type 20 to 13 when flushing.
2025-02-12T04:18:03.218681Z 0 [Note] [MY-011950] [InnoDB] Resetting invalid page [page id: space=0, page number=64] type 20 to 13 when flushing.
2025-02-12T04:18:03.218878Z 0 [Note] [MY-011950] [InnoDB] Resetting invalid page [page id: space=0, page number=95] type 20 to 13 when flushing.
2025-02-12T04:18:03.218888Z 0 [Note] [MY-011950] [InnoDB] Resetting invalid page [page id: space=0, page number=94] type 20 to 13 when flushing.
2025-02-12T04:18:03.218892Z 0 [Note] [MY-011950] [InnoDB] Resetting invalid page [page id: space=0, page number=93] type 20 to 13 when flushing.
2025-02-12T04:18:03.218896Z 0 [Note] [MY-011950] [InnoDB] Resetting invalid page [page id: space=0, page number=92] type 20 to 13 when flushing.
2025-02-12T04:18:03.219126Z 0 [Note] [MY-011950] [InnoDB] Resetting invalid page [page id: space=0, page number=91] type 20 to 13 when flushing.
2025-02-12T04:18:03.219135Z 0 [Note] [MY-011950] [InnoDB] Resetting invalid page [page id: space=0, page number=90] type 20 to 13 when flushing.
2025-02-12T04:18:03.219140Z 0 [Note] [MY-011950] [InnoDB] Resetting invalid page [page id: space=0, page number=89] type 20 to 13 when flushing.
2025-02-12T04:18:03.219151Z 0 [Note] [MY-011950] [InnoDB] Resetting invalid page [page id: space=0, page number=88] type 20 to 13 when flushing.
2025-02-12T04:18:03.219629Z 0 [Note] [MY-011950] [InnoDB] Resetting invalid page [page id: space=0, page number=87] type 20 to 13 when flushing.
2025-02-12T04:18:03.219638Z 0 [Note] [MY-011950] [InnoDB] Resetting invalid page [page id: space=0, page number=86] type 20 to 13 when flushing.
2025-02-12T04:18:03.219643Z 0 [Note] [MY-011950] [InnoDB] Resetting invalid page [page id: space=0, page number=85] type 20 to 13 when flushing.
2025-02-12T04:18:03.219651Z 0 [Note] [MY-011950] [InnoDB] Resetting invalid page [page id: space=0, page number=84] type 20 to 13 when flushing.
2025-02-12T04:18:03.219832Z 0 [Note] [MY-011950] [InnoDB] Resetting invalid page [page id: space=0, page number=83] type 20 to 13 when flushing.
2025-02-12T04:18:03.219841Z 0 [Note] [MY-011950] [InnoDB] Resetting invalid page [page id: space=0, page number=82] type 20 to 13 when flushing.
2025-02-12T04:18:03.219846Z 0 [Note] [MY-011950] [InnoDB] Resetting invalid page [page id: space=0, page number=81] type 20 to 13 when flushing.
2025-02-12T04:18:03.219850Z 0 [Note] [MY-011950] [InnoDB] Resetting invalid page [page id: space=0, page number=80] type 20 to 13 when flushing.
2025-02-12T04:18:03.220044Z 0 [Note] [MY-011950] [InnoDB] Resetting invalid page [page id: space=0, page number=111] type 20 to 13 when flushing.
2025-02-12T04:18:03.220054Z 0 [Note] [MY-011950] [InnoDB] Resetting invalid page [page id: space=0, page number=110] type 20 to 13 when flushing.
2025-02-12T04:18:03.220058Z 0 [Note] [MY-011950] [InnoDB] Resetting invalid page [page id: space=0, page number=109] type 20 to 13 when flushing.
2025-02-12T04:18:03.220062Z 0 [Note] [MY-011950] [InnoDB] Resetting invalid page [page id: space=0, page number=108] type 20 to 13 when flushing.
2025-02-12T04:18:03.220295Z 0 [Note] [MY-011950] [InnoDB] Resetting invalid page [page id: space=0, page number=107] type 20 to 13 when flushing.
2025-02-12T04:18:03.220306Z 0 [Note] [MY-011950] [InnoDB] Resetting invalid page [page id: space=0, page number=106] type 20 to 13 when flushing.
2025-02-12T04:18:03.220310Z 0 [Note] [MY-011950] [InnoDB] Resetting invalid page [page id: space=0, page number=105] type 20 to 13 when flushing.
2025-02-12T04:18:03.220315Z 0 [Note] [MY-011950] [InnoDB] Resetting invalid page [page id: space=0, page number=104] type 20 to 13 when flushing.
2025-02-12T04:18:03.220766Z 0 [Note] [MY-011950] [InnoDB] Resetting invalid page [page id: space=0, page number=103] type 20 to 13 when flushing.
2025-02-12T04:18:03.220775Z 0 [Note] [MY-011950] [InnoDB] Resetting invalid page [page id: space=0, page number=102] type 20 to 13 when flushing.
2025-02-12T04:18:03.220779Z 0 [Note] [MY-011950] [InnoDB] Resetting invalid page [page id: space=0, page number=101] type 20 to 13 when flushing.
2025-02-12T04:18:03.220783Z 0 [Note] [MY-011950] [InnoDB] Resetting invalid page [page id: space=0, page number=100] type 20 to 13 when flushing.
2025-02-12T04:18:03.220977Z 0 [Note] [MY-011950] [InnoDB] Resetting invalid page [page id: space=0, page number=99] type 20 to 13 when flushing.
2025-02-12T04:18:03.220989Z 0 [Note] [MY-011950] [InnoDB] Resetting invalid page [page id: space=0, page number=98] type 20 to 13 when flushing.
2025-02-12T04:18:03.220995Z 0 [Note] [MY-011950] [InnoDB] Resetting invalid page [page id: space=0, page number=97] type 20 to 13 when flushing.
2025-02-12T04:18:03.221003Z 0 [Note] [MY-011950] [InnoDB] Resetting invalid page [page id: space=0, page number=96] type 20 to 13 when flushing.
2025-02-12T04:18:03.221190Z 0 [Note] [MY-011950] [InnoDB] Resetting invalid page [page id: space=0, page number=127] type 20 to 13 when flushing.
2025-02-12T04:18:03.221200Z 0 [Note] [MY-011950] [InnoDB] Resetting invalid page [page id: space=0, page number=126] type 20 to 13 when flushing.
2025-02-12T04:18:03.221204Z 0 [Note] [MY-011950] [InnoDB] Resetting invalid page [page id: space=0, page number=125] type 20 to 13 when flushing.
2025-02-12T04:18:03.221209Z 0 [Note] [MY-011950] [InnoDB] Resetting invalid page [page id: space=0, page number=124] type 20 to 13 when flushing.
2025-02-12T04:18:03.221821Z 0 [Note] [MY-011950] [InnoDB] Resetting invalid page [page id: space=0, page number=123] type 20 to 13 when flushing.
2025-02-12T04:18:03.221830Z 0 [Note] [MY-011950] [InnoDB] Resetting invalid page [page id: space=0, page number=122] type 20 to 13 when flushing.
2025-02-12T04:18:03.221834Z 0 [Note] [MY-011950] [InnoDB] Resetting invalid page [page id: space=0, page number=121] type 20 to 13 when flushing.
2025-02-12T04:18:03.221855Z 0 [Note] [MY-011950] [InnoDB] Resetting invalid page [page id: space=0, page number=120] type 20 to 13 when flushing.
2025-02-12T04:18:03.222038Z 0 [Note] [MY-011950] [InnoDB] Resetting invalid page [page id: space=0, page number=119] type 20 to 13 when flushing.
2025-02-12T04:18:03.222047Z 0 [Note] [MY-011950] [InnoDB] Resetting invalid page [page id: space=0, page number=118] type 20 to 13 when flushing.
2025-02-12T04:18:03.222052Z 0 [Note] [MY-011950] [InnoDB] Resetting invalid page [page id: space=0, page number=117] type 20 to 13 when flushing.
2025-02-12T04:18:03.222060Z 0 [Note] [MY-011950] [InnoDB] Resetting invalid page [page id: space=0, page number=116] type 20 to 13 when flushing.
2025-02-12T04:18:03.222374Z 0 [Note] [MY-011950] [InnoDB] Resetting invalid page [page id: space=0, page number=115] type 20 to 13 when flushing.
2025-02-12T04:18:03.222384Z 0 [Note] [MY-011950] [InnoDB] Resetting invalid page [page id: space=0, page number=114] type 20 to 13 when flushing.
2025-02-12T04:18:03.222388Z 0 [Note] [MY-011950] [InnoDB] Resetting invalid page [page id: space=0, page number=113] type 20 to 13 when flushing.
2025-02-12T04:18:03.222392Z 0 [Note] [MY-011950] [InnoDB] Resetting invalid page [page id: space=0, page number=112] type 20 to 13 when flushing.
2025-02-12T04:18:03.222821Z 0 [Note] [MY-011950] [InnoDB] Resetting invalid page [page id: space=0, page number=143] type 20 to 13 when flushing.
2025-02-12T04:18:03.222830Z 0 [Note] [MY-011950] [InnoDB] Resetting invalid page [page id: space=0, page number=142] type 20 to 13 when flushing.
2025-02-12T04:18:03.222834Z 0 [Note] [MY-011950] [InnoDB] Resetting invalid page [page id: space=0, page number=141] type 20 to 13 when flushing.
2025-02-12T04:18:03.222838Z 0 [Note] [MY-011950] [InnoDB] Resetting invalid page [page id: space=0, page number=140] type 20 to 13 when flushing.
2025-02-12T04:18:03.223220Z 0 [Note] [MY-011950] [InnoDB] Resetting invalid page [page id: space=0, page number=139] type 20 to 13 when flushing.
2025-02-12T04:18:03.223230Z 0 [Note] [MY-011950] [InnoDB] Resetting invalid page [page id: space=0, page number=138] type 20 to 13 when flushing.
2025-02-12T04:18:03.223235Z 0 [Note] [MY-011950] [InnoDB] Resetting invalid page [page id: space=0, page number=137] type 20 to 13 when flushing.
2025-02-12T04:18:03.223261Z 0 [Note] [MY-011950] [InnoDB] Resetting invalid page [page id: space=0, page number=136] type 20 to 13 when flushing.
2025-02-12T04:18:03.223657Z 0 [Note] [MY-011950] [InnoDB] Resetting invalid page [page id: space=0, page number=135] type 20 to 13 when flushing.
2025-02-12T04:18:03.223666Z 0 [Note] [MY-011950] [InnoDB] Resetting invalid page [page id: space=0, page number=134] type 20 to 13 when flushing.
2025-02-12T04:18:03.223671Z 0 [Note] [MY-011950] [InnoDB] Resetting invalid page [page id: space=0, page number=133] type 20 to 13 when flushing.
2025-02-12T04:18:03.223682Z 0 [Note] [MY-011950] [InnoDB] Resetting invalid page [page id: space=0, page number=132] type 20 to 13 when flushing.
2025-02-12T04:18:03.223886Z 0 [Note] [MY-011950] [InnoDB] Resetting invalid page [page id: space=0, page number=131] type 20 to 13 when flushing.
2025-02-12T04:18:03.223897Z 0 [Note] [MY-011950] [InnoDB] Resetting invalid page [page id: space=0, page number=130] type 20 to 13 when flushing.
2025-02-12T04:18:03.223904Z 0 [Note] [MY-011950] [InnoDB] Resetting invalid page [page id: space=0, page number=129] type 20 to 13 when flushing.
2025-02-12T04:18:03.223914Z 0 [Note] [MY-011950] [InnoDB] Resetting invalid page [page id: space=0, page number=128] type 20 to 13 when flushing.
2025-02-12T04:18:03.224131Z 0 [Note] [MY-011950] [InnoDB] Resetting invalid page [page id: space=0, page number=159] type 20 to 13 when flushing.
2025-02-12T04:18:03.224139Z 0 [Note] [MY-011950] [InnoDB] Resetting invalid page [page id: space=0, page number=158] type 20 to 13 when flushing.
2025-02-12T04:18:03.224144Z 0 [Note] [MY-011950] [InnoDB] Resetting invalid page [page id: space=0, page number=157] type 20 to 13 when flushing.
2025-02-12T04:18:03.224148Z 0 [Note] [MY-011950] [InnoDB] Resetting invalid page [page id: space=0, page number=156] type 20 to 13 when flushing.
2025-02-12T04:18:03.224595Z 0 [Note] [MY-011950] [InnoDB] Resetting invalid page [page id: space=0, page number=155] type 20 to 13 when flushing.
2025-02-12T04:18:03.224604Z 0 [Note] [MY-011950] [InnoDB] Resetting invalid page [page id: space=0, page number=154] type 20 to 13 when flushing.
2025-02-12T04:18:03.224609Z 0 [Note] [MY-011950] [InnoDB] Resetting invalid page [page id: space=0, page number=153] type 20 to 13 when flushing.
2025-02-12T04:18:03.224612Z 0 [Note] [MY-011950] [InnoDB] Resetting invalid page [page id: space=0, page number=152] type 20 to 13 when flushing.
2025-02-12T04:18:03.224796Z 0 [Note] [MY-011950] [InnoDB] Resetting invalid page [page id: space=0, page number=151] type 20 to 13 when flushing.
2025-02-12T04:18:03.224804Z 0 [Note] [MY-011950] [InnoDB] Resetting invalid page [page id: space=0, page number=150] type 20 to 13 when flushing.
2025-02-12T04:18:03.224808Z 0 [Note] [MY-011950] [InnoDB] Resetting invalid page [page id: space=0, page number=149] type 20 to 13 when flushing.
2025-02-12T04:18:03.224812Z 0 [Note] [MY-011950] [InnoDB] Resetting invalid page [page id: space=0, page number=148] type 20 to 13 when flushing.
2025-02-12T04:18:03.224996Z 0 [Note] [MY-011950] [InnoDB] Resetting invalid page [page id: space=0, page number=147] type 20 to 13 when flushing.
2025-02-12T04:18:03.225005Z 0 [Note] [MY-011950] [InnoDB] Resetting invalid page [page id: space=0, page number=146] type 20 to 13 when flushing.
2025-02-12T04:18:03.225009Z 0 [Note] [MY-011950] [InnoDB] Resetting invalid page [page id: space=0, page number=145] type 20 to 13 when flushing.
2025-02-12T04:18:03.225013Z 0 [Note] [MY-011950] [InnoDB] Resetting invalid page [page id: space=0, page number=144] type 20 to 13 when flushing.
2025-02-12T04:18:03.225247Z 0 [Note] [MY-011950] [InnoDB] Resetting invalid page [page id: space=0, page number=175] type 20 to 13 when flushing.
2025-02-12T04:18:03.225255Z 0 [Note] [MY-011950] [InnoDB] Resetting invalid page [page id: space=0, page number=174] type 20 to 13 when flushing.
2025-02-12T04:18:03.225259Z 0 [Note] [MY-011950] [InnoDB] Resetting invalid page [page id: space=0, page number=173] type 20 to 13 when flushing.
2025-02-12T04:18:03.225263Z 0 [Note] [MY-011950] [InnoDB] Resetting invalid page [page id: space=0, page number=172] type 20 to 13 when flushing.
2025-02-12T04:18:03.225572Z 0 [Note] [MY-011950] [InnoDB] Resetting invalid page [page id: space=0, page number=171] type 20 to 13 when flushing.
2025-02-12T04:18:03.225581Z 0 [Note] [MY-011950] [InnoDB] Resetting invalid page [page id: space=0, page number=170] type 20 to 13 when flushing.
2025-02-12T04:18:03.225585Z 0 [Note] [MY-011950] [InnoDB] Resetting invalid page [page id: space=0, page number=169] type 20 to 13 when flushing.
2025-02-12T04:18:03.225596Z 0 [Note] [MY-011950] [InnoDB] Resetting invalid page [page id: space=0, page number=168] type 20 to 13 when flushing.
2025-02-12T04:18:03.225789Z 0 [Note] [MY-011950] [InnoDB] Resetting invalid page [page id: space=0, page number=167] type 20 to 13 when flushing.
2025-02-12T04:18:03.225810Z 0 [Note] [MY-011950] [InnoDB] Resetting invalid page [page id: space=0, page number=166] type 20 to 13 when flushing.
2025-02-12T04:18:03.225817Z 0 [Note] [MY-011950] [InnoDB] Resetting invalid page [page id: space=0, page number=165] type 20 to 13 when flushing.
2025-02-12T04:18:03.225821Z 0 [Note] [MY-011950] [InnoDB] Resetting invalid page [page id: space=0, page number=164] type 20 to 13 when flushing.
2025-02-12T04:18:03.225988Z 0 [Note] [MY-011950] [InnoDB] Resetting invalid page [page id: space=0, page number=163] type 20 to 13 when flushing.
2025-02-12T04:18:03.225997Z 0 [Note] [MY-011950] [InnoDB] Resetting invalid page [page id: space=0, page number=162] type 20 to 13 when flushing.
2025-02-12T04:18:03.226001Z 0 [Note] [MY-011950] [InnoDB] Resetting invalid page [page id: space=0, page number=161] type 20 to 13 when flushing.
2025-02-12T04:18:03.226005Z 0 [Note] [MY-011950] [InnoDB] Resetting invalid page [page id: space=0, page number=160] type 20 to 13 when flushing.
2025-02-12T04:18:03.226217Z 0 [Note] [MY-011950] [InnoDB] Resetting invalid page [page id: space=0, page number=191] type 20 to 13 when flushing.
2025-02-12T04:18:03.226226Z 0 [Note] [MY-011950] [InnoDB] Resetting invalid page [page id: space=0, page number=190] type 20 to 13 when flushing.
2025-02-12T04:18:03.226230Z 0 [Note] [MY-011950] [InnoDB] Resetting invalid page [page id: space=0, page number=189] type 20 to 13 when flushing.
2025-02-12T04:18:03.226234Z 0 [Note] [MY-011950] [InnoDB] Resetting invalid page [page id: space=0, page number=188] type 20 to 13 when flushing.
2025-02-12T04:18:03.226695Z 0 [Note] [MY-011950] [InnoDB] Resetting invalid page [page id: space=0, page number=187] type 20 to 13 when flushing.
2025-02-12T04:18:03.226705Z 0 [Note] [MY-011950] [InnoDB] Resetting invalid page [page id: space=0, page number=186] type 20 to 13 when flushing.
2025-02-12T04:18:03.226709Z 0 [Note] [MY-011950] [InnoDB] Resetting invalid page [page id: space=0, page number=185] type 20 to 13 when flushing.
2025-02-12T04:18:03.226718Z 0 [Note] [MY-011950] [InnoDB] Resetting invalid page [page id: space=0, page number=184] type 20 to 13 when flushing.
2025-02-12T04:18:03.226935Z 0 [Note] [MY-011950] [InnoDB] Resetting invalid page [page id: space=0, page number=183] type 20 to 13 when flushing.
2025-02-12T04:18:03.226944Z 0 [Note] [MY-011950] [InnoDB] Resetting invalid page [page id: space=0, page number=182] type 20 to 13 when flushing.
2025-02-12T04:18:03.226948Z 0 [Note] [MY-011950] [InnoDB] Resetting invalid page [page id: space=0, page number=181] type 20 to 13 when flushing.
2025-02-12T04:18:03.226952Z 0 [Note] [MY-011950] [InnoDB] Resetting invalid page [page id: space=0, page number=180] type 20 to 13 when flushing.
2025-02-12T04:18:03.227164Z 0 [Note] [MY-011950] [InnoDB] Resetting invalid page [page id: space=0, page number=179] type 20 to 13 when flushing.
2025-02-12T04:18:03.227173Z 0 [Note] [MY-011950] [InnoDB] Resetting invalid page [page id: space=0, page number=178] type 20 to 13 when flushing.
2025-02-12T04:18:03.227177Z 0 [Note] [MY-011950] [InnoDB] Resetting invalid page [page id: space=0, page number=177] type 20 to 13 when flushing.
2025-02-12T04:18:03.227180Z 0 [Note] [MY-011950] [InnoDB] Resetting invalid page [page id: space=0, page number=176] type 20 to 13 when flushing.
2025-02-12T04:18:03.229435Z 1 [Note] [MY-011924] [InnoDB] Legacy atomic write buffer created
2025-02-12T04:18:03.229453Z 1 [Note] [MY-012923] [InnoDB] Creating shared tablespace for temporary tables
2025-02-12T04:18:03.230100Z 1 [Note] [MY-012265] [InnoDB] Setting file './ibtmp1' size to 12 MB. Physically writing the file full; Please wait ...
2025-02-12T04:18:03.235914Z 1 [Note] [MY-012266] [InnoDB] File './ibtmp1' size is now 12 MB.
2025-02-12T04:18:03.246074Z 1 [Note] [MY-013018] [InnoDB] Created 128 and tracked 128 new rollback segment(s) in the temporary tablespace. 128 are now active.
2025-02-12T04:18:03.247661Z 1 [Note] [MY-013018] [InnoDB] Created 128 and tracked 128 new rollback segment(s) in undo tablespace number 1. 128 are now active.
2025-02-12T04:18:03.248878Z 1 [Note] [MY-013018] [InnoDB] Created 128 and tracked 128 new rollback segment(s) in undo tablespace number 2. 128 are now active.
2025-02-12T04:18:03.329465Z 1 [Note] [MY-012976] [InnoDB] 8.0.41 started; log sequence number 2399391
2025-02-12T04:18:03.330973Z 1 [System] [MY-013577] [InnoDB] InnoDB initialization has ended.
2025-02-12T04:18:03.331522Z 1 [Note] [MY-011088] [Server] Data dictionary initializing version '80023'.
2025-02-12T04:18:03.615341Z 1 [Note] [MY-010007] [Server] Installed data dictionary with version 80023
2025-02-12T04:18:03.733893Z 2 [Note] [MY-011019] [Server] Created system views with I_S version 80023.
2025-02-12T04:18:04.207345Z 0 [Note] [MY-013911] [Server] Crash recovery finished in InnoDB engine. No attempts to commit, rollback or prepare any transactions.
2025-02-12T04:18:04.209789Z 0 [Note] [MY-012487] [InnoDB] DDL log recovery : begin
2025-02-12T04:18:04.209807Z 0 [Note] [MY-012488] [InnoDB] DDL log recovery : end
2025-02-12T04:18:04.211511Z 0 [Note] [MY-012922] [InnoDB] Waiting for purge to start
2025-02-12T04:18:04.266252Z 0 [Note] [MY-010913] [Server] You have not provided a mandatory server-id. Servers in a replication topology must have unique server-ids. Please refer to the proper server start-up parameters documentation.
2025-02-12T04:18:05.918827Z 0 [Note] [MY-010305] [Server] Auto generated SSL certificates are placed in data directory.
2025-02-12T04:18:07.011155Z 0 [Note] [MY-010309] [Server] Auto generated RSA key files through --sha256_password_auto_generate_rsa_keys are placed in data directory.
2025-02-12T04:18:07.012133Z 0 [Note] [MY-010308] [Server] Skipping generation of RSA key pair through --caching_sha2_password_auto_generate_rsa_keys as key files are present in data directory.
2025-02-12T04:18:07.015263Z 6 [Note] [MY-011061] [Server] Creating the system database.
2025-02-12T04:18:07.015310Z 6 [Warning] [MY-010453] [Server] root@localhost is created with an empty password ! Please consider switching off the --initialize-insecure option.
2025-02-12T04:18:07.015411Z 6 [Note] [MY-011061] [Server] Creating the system tables.
2025-02-12T04:18:07.821837Z 6 [Note] [MY-011061] [Server] Filling in the system tables, part 1.
2025-02-12T04:18:07.830175Z 6 [Note] [MY-011061] [Server] Filling in the system tables, part 2.
2025-02-12T04:18:09.301958Z 6 [Note] [MY-011061] [Server] Filling in the mysql.help table.
2025-02-12T04:18:10.204143Z 6 [Note] [MY-011061] [Server] Creating the system users for internal usage.
2025-02-12T04:18:10.319320Z 6 [Note] [MY-011061] [Server] Creating the sys schema.
2025-02-12T04:18:10.822846Z 6 [Note] [MY-010456] [Server] Bootstrapping complete
2025-02-12T04:18:10.897925Z 0 [Note] [MY-010067] [Server] Giving 0 client threads a chance to die gracefully
2025-02-12T04:18:10.897954Z 0 [Note] [MY-010117] [Server] Shutting down replica threads
2025-02-12T04:18:10.897959Z 0 [Note] [MY-010118] [Server] Forcefully disconnecting 0 remaining clients
2025-02-12T04:18:10.900679Z 0 [Note] [MY-012330] [InnoDB] FTS optimize thread exiting.
2025-02-12T04:18:11.527245Z 0 [Note] [MY-013072] [InnoDB] Starting shutdown...
2025-02-12T04:18:11.530508Z 0 [Note] [MY-011944] [InnoDB] Dumping buffer pool(s) to /var/lib/mysql/ib_buffer_pool
2025-02-12T04:18:11.530887Z 0 [Note] [MY-011944] [InnoDB] Buffer pool(s) dump completed at 250212  4:18:11
2025-02-12T04:18:11.808275Z 0 [Note] [MY-013084] [InnoDB] Log background threads are being closed...
2025-02-12T04:18:12.331147Z 0 [Note] [MY-013854] [InnoDB] Bytes written to disk by DBLWR (ON): 33177600
2025-02-12T04:18:12.331339Z 0 [Note] [MY-012980] [InnoDB] Shutdown completed; log sequence number 18912820
2025-02-12T04:18:12.333278Z 0 [Note] [MY-012255] [InnoDB] Removed temporary tablespace data file: "ibtmp1"
Starting MySQL server...
2025-02-12T04:18:12.815823Z 0 [Note] [MY-013667] [Server] Error-log destination "stderr" is not a file. Can not restore error log messages from previous run.
2025-02-12T04:18:12.812150Z 0 [Warning] [MY-011068] [Server] The syntax '--skip-host-cache' is deprecated and will be removed in a future release. Please use SET GLOBAL host_cache_size=0 instead.
2025-02-12T04:18:12.812253Z 0 [Note] [MY-010098] [Server] --secure-file-priv is set to NULL. Operations related to importing and exporting data are disabled
2025-02-12T04:18:12.812320Z 0 [Note] [MY-013932] [Server] BuildID[sha1]=b2a563c96b357bc8ce5a2e7f49bbcba2c9f90cf1
2025-02-12T04:18:12.812325Z 0 [Note] [MY-010949] [Server] Basedir set to /usr/.
2025-02-12T04:18:12.812333Z 0 [System] [MY-010116] [Server] /usr/sbin/mysqld (mysqld 8.0.41) starting as process 49
2025-02-12T04:18:12.815415Z 0 [Warning] [MY-010122] [Server] One can only use the --user switch if running as root
2025-02-12T04:18:12.907901Z 0 [Note] [MY-012366] [InnoDB] Using Linux native AIO
2025-02-12T04:18:12.908301Z 0 [Note] [MY-010747] [Server] Plugin 'FEDERATED' is disabled.
2025-02-12T04:18:12.908457Z 0 [Note] [MY-010747] [Server] Plugin 'ndbcluster' is disabled.
2025-02-12T04:18:12.908496Z 0 [Note] [MY-010747] [Server] Plugin 'ndbinfo' is disabled.
2025-02-12T04:18:12.908514Z 0 [Note] [MY-010747] [Server] Plugin 'ndb_transid_mysql_connection_map' is disabled.
2025-02-12T04:18:12.911189Z 1 [System] [MY-013576] [InnoDB] InnoDB initialization has started.
2025-02-12T04:18:12.911244Z 1 [Note] [MY-013546] [InnoDB] Atomic write enabled
2025-02-12T04:18:12.911291Z 1 [Note] [MY-012932] [InnoDB] PUNCH HOLE support available
2025-02-12T04:18:12.911335Z 1 [Note] [MY-012944] [InnoDB] Uses event mutexes
2025-02-12T04:18:12.911349Z 1 [Note] [MY-012945] [InnoDB] GCC builtin __atomic_thread_fence() is used for memory barrier
2025-02-12T04:18:12.911355Z 1 [Note] [MY-012948] [InnoDB] Compressed tables use zlib 1.3.1
2025-02-12T04:18:12.913251Z 1 [Note] [MY-012951] [InnoDB] Using hardware accelerated crc32 and polynomial multiplication.
2025-02-12T04:18:12.914336Z 1 [Note] [MY-012203] [InnoDB] Directories to scan './'
2025-02-12T04:18:12.914425Z 1 [Note] [MY-012204] [InnoDB] Scanning './'
2025-02-12T04:18:12.915612Z 1 [Note] [MY-012208] [InnoDB] Completed space ID check of 4 files.
2025-02-12T04:18:12.916805Z 1 [Note] [MY-012955] [InnoDB] Initializing buffer pool, total size = 128.000000M, instances = 1, chunk size =128.000000M 
2025-02-12T04:18:13.001965Z 1 [Note] [MY-012957] [InnoDB] Completed initialization of buffer pool
2025-02-12T04:18:13.007440Z 0 [Note] [MY-011952] [InnoDB] If the mysqld execution user is authorized, page cleaner thread priority can be changed. See the man page of setpriority().
2025-02-12T04:18:13.008025Z 1 [Note] [MY-013532] [InnoDB] Using './#ib_16384_0.dblwr' for doublewrite
2025-02-12T04:18:13.008806Z 1 [Note] [MY-013532] [InnoDB] Using './#ib_16384_1.dblwr' for doublewrite
2025-02-12T04:18:13.202476Z 1 [Note] [MY-013566] [InnoDB] Double write buffer files: 2
2025-02-12T04:18:13.202584Z 1 [Note] [MY-013565] [InnoDB] Double write buffer pages per instance: 4
2025-02-12T04:18:13.202636Z 1 [Note] [MY-013532] [InnoDB] Using './#ib_16384_0.dblwr' for doublewrite
2025-02-12T04:18:13.202701Z 1 [Note] [MY-013532] [InnoDB] Using './#ib_16384_1.dblwr' for doublewrite
2025-02-12T04:18:13.241949Z 1 [Note] [MY-013883] [InnoDB] The latest found checkpoint is at lsn = 18912820 in redo log file ./#innodb_redo/#ib_redo5.
2025-02-12T04:18:13.242015Z 1 [Note] [MY-013086] [InnoDB] Starting to parse redo log at lsn = 18912820, whereas checkpoint_lsn = 18912820 and start_lsn = 18912768
2025-02-12T04:18:13.242895Z 1 [Note] [MY-013083] [InnoDB] Log background threads are being started...
2025-02-12T04:18:13.243431Z 1 [Note] [MY-012532] [InnoDB] Applying a batch of 0 redo log records ...
2025-02-12T04:18:13.243444Z 1 [Note] [MY-012535] [InnoDB] Apply batch completed!
2025-02-12T04:18:13.243532Z 1 [Note] [MY-013252] [InnoDB] Using undo tablespace './undo_001'.
2025-02-12T04:18:13.243674Z 1 [Note] [MY-013252] [InnoDB] Using undo tablespace './undo_002'.
2025-02-12T04:18:13.244077Z 1 [Note] [MY-012910] [InnoDB] Opened 2 existing undo tablespaces.
2025-02-12T04:18:13.244130Z 1 [Note] [MY-011980] [InnoDB] GTID recovery trx_no: 1021
2025-02-12T04:18:13.297509Z 1 [Note] [MY-013776] [InnoDB] Parallel initialization of rseg complete
2025-02-12T04:18:13.297543Z 1 [Note] [MY-013777] [InnoDB] Time taken to initialize rseg using 4 thread: 53415 ms.
2025-02-12T04:18:13.297589Z 1 [Note] [MY-012923] [InnoDB] Creating shared tablespace for temporary tables
2025-02-12T04:18:13.298275Z 1 [Note] [MY-012265] [InnoDB] Setting file './ibtmp1' size to 12 MB. Physically writing the file full; Please wait ...
2025-02-12T04:18:13.306947Z 1 [Note] [MY-012266] [InnoDB] File './ibtmp1' size is now 12 MB.
2025-02-12T04:18:13.307036Z 1 [Note] [MY-013627] [InnoDB] Scanning temp tablespace dir:'./#innodb_temp/'
2025-02-12T04:18:13.318336Z 1 [Note] [MY-013018] [InnoDB] Created 128 and tracked 128 new rollback segment(s) in the temporary tablespace. 128 are now active.
2025-02-12T04:18:13.318484Z 1 [Note] [MY-012976] [InnoDB] 8.0.41 started; log sequence number 18912830
2025-02-12T04:18:13.318676Z 1 [System] [MY-013577] [InnoDB] InnoDB initialization has ended.
2025-02-12T04:18:13.322275Z 1 [Note] [MY-011089] [Server] Data dictionary restarting version '80023'.
2025-02-12T04:18:13.617443Z 1 [Note] [MY-012357] [InnoDB] Reading DD tablespace files
2025-02-12T04:18:13.617866Z 1 [Note] [MY-012356] [InnoDB] Scanned 6 tablespaces. Validated 6.
2025-02-12T04:18:13.711160Z 1 [Note] [MY-010006] [Server] Using data dictionary with version '80023'.
2025-02-12T04:18:13.715533Z 0 [Note] [MY-011332] [Server] Plugin mysqlx reported: 'IPv6 is available'
2025-02-12T04:18:13.718065Z 0 [Note] [MY-011323] [Server] Plugin mysqlx reported: 'X Plugin ready for connections. bind-address: '::' port: 33060'
2025-02-12T04:18:13.718113Z 0 [Note] [MY-011323] [Server] Plugin mysqlx reported: 'X Plugin ready for connections. socket: '/var/run/mysqld/mysqlx.sock''
2025-02-12T04:18:14.108568Z 0 [Note] [MY-010902] [Server] Thread priority attribute setting in Resource Group SQL shall be ignored due to unsupported platform or insufficient privilege.
2025-02-12T04:18:14.117643Z 0 [Note] [MY-013911] [Server] Crash recovery finished in binlog engine. No attempts to commit, rollback or prepare any transactions.
2025-02-12T04:18:14.117682Z 0 [Note] [MY-013911] [Server] Crash recovery finished in InnoDB engine. No attempts to commit, rollback or prepare any transactions.
2025-02-12T04:18:14.206138Z 0 [Note] [MY-012487] [InnoDB] DDL log recovery : begin
2025-02-12T04:18:14.206340Z 0 [Note] [MY-012488] [InnoDB] DDL log recovery : end
2025-02-12T04:18:14.206816Z 0 [Note] [MY-011946] [InnoDB] Loading buffer pool(s) from /var/lib/mysql/ib_buffer_pool
2025-02-12T04:18:14.207633Z 0 [Note] [MY-011946] [InnoDB] Buffer pool(s) load completed at 250212  4:18:14
2025-02-12T04:18:14.363036Z 0 [Note] [MY-010913] [Server] You have not provided a mandatory server-id. Servers in a replication topology must have unique server-ids. Please refer to the proper server start-up parameters documentation.
2025-02-12T04:18:14.364691Z 0 [Note] [MY-010182] [Server] Found ca.pem, server-cert.pem and server-key.pem in data directory. Trying to enable SSL support using them.
2025-02-12T04:18:14.366825Z 0 [Note] [MY-010304] [Server] Skipping generation of SSL certificates as certificate files are present in data directory.
2025-02-12T04:18:14.368892Z 0 [Warning] [MY-010068] [Server] CA certificate ca.pem is self signed.
2025-02-12T04:18:14.368925Z 0 [System] [MY-013602] [Server] Channel mysql_main configured to support TLS. Encrypted connections are now supported for this channel.
2025-02-12T04:18:14.369346Z 0 [Note] [MY-010308] [Server] Skipping generation of RSA key pair through --sha256_password_auto_generate_rsa_keys as key files are present in data directory.
2025-02-12T04:18:14.369695Z 0 [Note] [MY-010308] [Server] Skipping generation of RSA key pair through --caching_sha2_password_auto_generate_rsa_keys as key files are present in data directory.
2025-02-12T04:18:14.370055Z 0 [Note] [MY-010252] [Server] Server hostname (bind-address): '*'; port: 3306
2025-02-12T04:18:14.401285Z 0 [Note] [MY-010253] [Server] IPv6 is available.
2025-02-12T04:18:14.401339Z 0 [Note] [MY-010264] [Server]   - '::' resolves to '::';
2025-02-12T04:18:14.401365Z 0 [Note] [MY-010251] [Server] Server socket created on IP: '::'.
2025-02-12T04:18:14.403434Z 0 [Warning] [MY-011810] [Server] Insecure configuration for --pid-file: Location '/var/lib/mysql' in the path is accessible to all OS users. Consider choosing a different directory.
2025-02-12T04:18:14.415481Z 0 [Note] [MY-011025] [Repl] Failed to start replica threads for channel ''.
2025-02-12T04:18:14.416704Z 5 [Note] [MY-010051] [Server] Event Scheduler: scheduler thread started with id 5
2025-02-12T04:18:14.416892Z 0 [Note] [MY-011240] [Server] Plugin mysqlx reported: 'Using SSL configuration from MySQL Server'
MySQL server started in 2.020 seconds.
